have_header: checking for unistd.h... -------------------- yes

"gcc -o conftest -I/home/satendrakumar/.asdf/installs/ruby/2.4.2/include/ruby-2.4.0/x86_64-linux -I/home/satendrakumar/.asdf/installs/ruby/2.4.2/include/ruby-2.4.0/ruby/backward -I/home/satendrakumar/.asdf/installs/ruby/2.4.2/include/ruby-2.4.0 -I. -I/home/satendrakumar/.asdf/installs/ruby/2.4.2/include    -O3 -fno-fast-math -ggdb3 -Wall -Wextra -Wno-unused-parameter -Wno-parentheses -Wno-long-long -Wno-missing-field-initializers -Wno-tautological-compare -Wno-parentheses-equality -Wno-constant-logical-operand -Wno-self-assign -Wunused-variable -Wimplicit-int -Wpointer-arith -Wwrite-strings -Wdeclaration-after-statement -Wimplicit-function-declaration -Wdeprecated-declarations -Wno-packed-bitfield-compat -Wsuggest-attribute=noreturn -Wsuggest-attribute=format -Wimplicit-fallthrough=0  -fPIC conftest.c  -L. -L/home/satendrakumar/.asdf/installs/ruby/2.4.2/lib -Wl,-rpath,/home/satendrakumar/.asdf/installs/ruby/2.4.2/lib -L. -L/home/satendrakumar/.asdf/installs/ruby/2.4.2/lib  -fstack-protector -rdynamic -Wl,-export-dynamic     -Wl,-rpath,/home/satendrakumar/.asdf/installs/ruby/2.4.2/lib -L/home/satendrakumar/.asdf/installs/ruby/2.4.2/lib -lruby  -lpthread -lgmp -ldl -lcrypt -lm   -lc"
In file included from /home/satendrakumar/.asdf/installs/ruby/2.4.2/include/ruby-2.4.0/ruby.h:33,
                 from conftest.c:1:
/home/satendrakumar/.asdf/installs/ruby/2.4.2/include/ruby-2.4.0/ruby/ruby.h:631:1: warning: ‘const’ attribute on function returning ‘void’ [-Wattributes]
  631 | CONSTFUNC(void rb_secure_update(VALUE));
      | ^~~~~~~~~
In file included from /home/satendrakumar/.asdf/installs/ruby/2.4.2/include/ruby-2.4.0/ruby/ruby.h:2008,
                 from /home/satendrakumar/.asdf/installs/ruby/2.4.2/include/ruby-2.4.0/ruby.h:33,
                 from conftest.c:1:
/home/satendrakumar/.asdf/installs/ruby/2.4.2/include/ruby-2.4.0/ruby/intern.h:257:1: warning: ‘const’ attribute on function returning ‘void’ [-Wattributes]
  257 | CONSTFUNC(void rb_error_untrusted(VALUE));
      | ^~~~~~~~~
/home/satendrakumar/.asdf/installs/ruby/2.4.2/include/ruby-2.4.0/ruby/intern.h:259:1: warning: ‘const’ attribute on function returning ‘void’ [-Wattributes]
  259 | CONSTFUNC(void rb_check_trusted(VALUE));
      | ^~~~~~~~~
cc1: note: unrecognized command-line option ‘-Wno-self-assign’ may have been intended to silence earlier diagnostics
cc1: note: unrecognized command-line option ‘-Wno-constant-logical-operand’ may have been intended to silence earlier diagnostics
cc1: note: unrecognized command-line option ‘-Wno-parentheses-equality’ may have been intended to silence earlier diagnostics
checked program was:
/* begin */
1: #include "ruby.h"
2: 
3: int main(int argc, char **argv)
4: {
5:   return 0;
6: }
/* end */

"gcc -E -I/home/satendrakumar/.asdf/installs/ruby/2.4.2/include/ruby-2.4.0/x86_64-linux -I/home/satendrakumar/.asdf/installs/ruby/2.4.2/include/ruby-2.4.0/ruby/backward -I/home/satendrakumar/.asdf/installs/ruby/2.4.2/include/ruby-2.4.0 -I. -I/home/satendrakumar/.asdf/installs/ruby/2.4.2/include    -O3 -fno-fast-math -ggdb3 -Wall -Wextra -Wno-unused-parameter -Wno-parentheses -Wno-long-long -Wno-missing-field-initializers -Wno-tautological-compare -Wno-parentheses-equality -Wno-constant-logical-operand -Wno-self-assign -Wunused-variable -Wimplicit-int -Wpointer-arith -Wwrite-strings -Wdeclaration-after-statement -Wimplicit-function-declaration -Wdeprecated-declarations -Wno-packed-bitfield-compat -Wsuggest-attribute=noreturn -Wsuggest-attribute=format -Wimplicit-fallthrough=0  -fPIC  conftest.c -o conftest.i"
checked program was:
/* begin */
1: #include "ruby.h"
2: 
3: #include <unistd.h>
/* end */

--------------------

have_header: checking for linux/aio_abi.h... -------------------- yes

"gcc -E -I/home/satendrakumar/.asdf/installs/ruby/2.4.2/include/ruby-2.4.0/x86_64-linux -I/home/satendrakumar/.asdf/installs/ruby/2.4.2/include/ruby-2.4.0/ruby/backward -I/home/satendrakumar/.asdf/installs/ruby/2.4.2/include/ruby-2.4.0 -I. -I/home/satendrakumar/.asdf/installs/ruby/2.4.2/include    -O3 -fno-fast-math -ggdb3 -Wall -Wextra -Wno-unused-parameter -Wno-parentheses -Wno-long-long -Wno-missing-field-initializers -Wno-tautological-compare -Wno-parentheses-equality -Wno-constant-logical-operand -Wno-self-assign -Wunused-variable -Wimplicit-int -Wpointer-arith -Wwrite-strings -Wdeclaration-after-statement -Wimplicit-function-declaration -Wdeprecated-declarations -Wno-packed-bitfield-compat -Wsuggest-attribute=noreturn -Wsuggest-attribute=format -Wimplicit-fallthrough=0  -fPIC  conftest.c -o conftest.i"
checked program was:
/* begin */
1: #include "ruby.h"
2: 
3: #include <linux/aio_abi.h>
/* end */

--------------------

have_header: checking for linux/io_uring.h... -------------------- yes

"gcc -E -I/home/satendrakumar/.asdf/installs/ruby/2.4.2/include/ruby-2.4.0/x86_64-linux -I/home/satendrakumar/.asdf/installs/ruby/2.4.2/include/ruby-2.4.0/ruby/backward -I/home/satendrakumar/.asdf/installs/ruby/2.4.2/include/ruby-2.4.0 -I. -I/home/satendrakumar/.asdf/installs/ruby/2.4.2/include    -O3 -fno-fast-math -ggdb3 -Wall -Wextra -Wno-unused-parameter -Wno-parentheses -Wno-long-long -Wno-missing-field-initializers -Wno-tautological-compare -Wno-parentheses-equality -Wno-constant-logical-operand -Wno-self-assign -Wunused-variable -Wimplicit-int -Wpointer-arith -Wwrite-strings -Wdeclaration-after-statement -Wimplicit-function-declaration -Wdeprecated-declarations -Wno-packed-bitfield-compat -Wsuggest-attribute=noreturn -Wsuggest-attribute=format -Wimplicit-fallthrough=0  -fPIC  conftest.c -o conftest.i"
checked program was:
/* begin */
1: #include "ruby.h"
2: 
3: #include <linux/io_uring.h>
/* end */

--------------------

have_header: checking for sys/select.h... -------------------- yes

"gcc -E -I/home/satendrakumar/.asdf/installs/ruby/2.4.2/include/ruby-2.4.0/x86_64-linux -I/home/satendrakumar/.asdf/installs/ruby/2.4.2/include/ruby-2.4.0/ruby/backward -I/home/satendrakumar/.asdf/installs/ruby/2.4.2/include/ruby-2.4.0 -I. -I/home/satendrakumar/.asdf/installs/ruby/2.4.2/include    -O3 -fno-fast-math -ggdb3 -Wall -Wextra -Wno-unused-parameter -Wno-parentheses -Wno-long-long -Wno-missing-field-initializers -Wno-tautological-compare -Wno-parentheses-equality -Wno-constant-logical-operand -Wno-self-assign -Wunused-variable -Wimplicit-int -Wpointer-arith -Wwrite-strings -Wdeclaration-after-statement -Wimplicit-function-declaration -Wdeprecated-declarations -Wno-packed-bitfield-compat -Wsuggest-attribute=noreturn -Wsuggest-attribute=format -Wimplicit-fallthrough=0  -fPIC  conftest.c -o conftest.i"
checked program was:
/* begin */
1: #include "ruby.h"
2: 
3: #include <sys/select.h>
/* end */

--------------------

have_type: checking for port_event_t in poll.h... -------------------- no

"gcc -I/home/satendrakumar/.asdf/installs/ruby/2.4.2/include/ruby-2.4.0/x86_64-linux -I/home/satendrakumar/.asdf/installs/ruby/2.4.2/include/ruby-2.4.0/ruby/backward -I/home/satendrakumar/.asdf/installs/ruby/2.4.2/include/ruby-2.4.0 -I. -I/home/satendrakumar/.asdf/installs/ruby/2.4.2/include    -O3 -fno-fast-math -ggdb3 -Wall -Wextra -Wno-unused-parameter -Wno-parentheses -Wno-long-long -Wno-missing-field-initializers -Wno-tautological-compare -Wno-parentheses-equality -Wno-constant-logical-operand -Wno-self-assign -Wunused-variable -Wimplicit-int -Wpointer-arith -Wwrite-strings -Wdeclaration-after-statement -Wimplicit-function-declaration -Wdeprecated-declarations -Wno-packed-bitfield-compat -Wsuggest-attribute=noreturn -Wsuggest-attribute=format -Wimplicit-fallthrough=0  -fPIC   -c conftest.c"
In file included from /home/satendrakumar/.asdf/installs/ruby/2.4.2/include/ruby-2.4.0/ruby.h:33,
                 from conftest.c:1:
/home/satendrakumar/.asdf/installs/ruby/2.4.2/include/ruby-2.4.0/ruby/ruby.h:631:1: warning: ‘const’ attribute on function returning ‘void’ [-Wattributes]
  631 | CONSTFUNC(void rb_secure_update(VALUE));
      | ^~~~~~~~~
In file included from /home/satendrakumar/.asdf/installs/ruby/2.4.2/include/ruby-2.4.0/ruby/ruby.h:2008,
                 from /home/satendrakumar/.asdf/installs/ruby/2.4.2/include/ruby-2.4.0/ruby.h:33,
                 from conftest.c:1:
/home/satendrakumar/.asdf/installs/ruby/2.4.2/include/ruby-2.4.0/ruby/intern.h:257:1: warning: ‘const’ attribute on function returning ‘void’ [-Wattributes]
  257 | CONSTFUNC(void rb_error_untrusted(VALUE));
      | ^~~~~~~~~
/home/satendrakumar/.asdf/installs/ruby/2.4.2/include/ruby-2.4.0/ruby/intern.h:259:1: warning: ‘const’ attribute on function returning ‘void’ [-Wattributes]
  259 | CONSTFUNC(void rb_check_trusted(VALUE));
      | ^~~~~~~~~
conftest.c:6:9: error: unknown type name ‘port_event_t’
    6 | typedef port_event_t conftest_type;
      |         ^~~~~~~~~~~~
cc1: note: unrecognized command-line option ‘-Wno-self-assign’ may have been intended to silence earlier diagnostics
cc1: note: unrecognized command-line option ‘-Wno-constant-logical-operand’ may have been intended to silence earlier diagnostics
cc1: note: unrecognized command-line option ‘-Wno-parentheses-equality’ may have been intended to silence earlier diagnostics
checked program was:
/* begin */
1: #include "ruby.h"
2: 
3: #include <poll.h>
4: 
5: /*top*/
6: typedef port_event_t conftest_type;
7: int conftestval[sizeof(conftest_type)?1:-1];
/* end */

--------------------

have_header: checking for sys/epoll.h... -------------------- yes

"gcc -E -I/home/satendrakumar/.asdf/installs/ruby/2.4.2/include/ruby-2.4.0/x86_64-linux -I/home/satendrakumar/.asdf/installs/ruby/2.4.2/include/ruby-2.4.0/ruby/backward -I/home/satendrakumar/.asdf/installs/ruby/2.4.2/include/ruby-2.4.0 -I. -I/home/satendrakumar/.asdf/installs/ruby/2.4.2/include    -O3 -fno-fast-math -ggdb3 -Wall -Wextra -Wno-unused-parameter -Wno-parentheses -Wno-long-long -Wno-missing-field-initializers -Wno-tautological-compare -Wno-parentheses-equality -Wno-constant-logical-operand -Wno-self-assign -Wunused-variable -Wimplicit-int -Wpointer-arith -Wwrite-strings -Wdeclaration-after-statement -Wimplicit-function-declaration -Wdeprecated-declarations -Wno-packed-bitfield-compat -Wsuggest-attribute=noreturn -Wsuggest-attribute=format -Wimplicit-fallthrough=0  -fPIC  conftest.c -o conftest.i"
checked program was:
/* begin */
1: #include "ruby.h"
2: 
3: #include <sys/epoll.h>
/* end */

--------------------

have_header: checking for sys/event.h... -------------------- no

"gcc -E -I/home/satendrakumar/.asdf/installs/ruby/2.4.2/include/ruby-2.4.0/x86_64-linux -I/home/satendrakumar/.asdf/installs/ruby/2.4.2/include/ruby-2.4.0/ruby/backward -I/home/satendrakumar/.asdf/installs/ruby/2.4.2/include/ruby-2.4.0 -I. -I/home/satendrakumar/.asdf/installs/ruby/2.4.2/include    -O3 -fno-fast-math -ggdb3 -Wall -Wextra -Wno-unused-parameter -Wno-parentheses -Wno-long-long -Wno-missing-field-initializers -Wno-tautological-compare -Wno-parentheses-equality -Wno-constant-logical-operand -Wno-self-assign -Wunused-variable -Wimplicit-int -Wpointer-arith -Wwrite-strings -Wdeclaration-after-statement -Wimplicit-function-declaration -Wdeprecated-declarations -Wno-packed-bitfield-compat -Wsuggest-attribute=noreturn -Wsuggest-attribute=format -Wimplicit-fallthrough=0  -fPIC  conftest.c -o conftest.i"
conftest.c:3:10: fatal error: sys/event.h: No such file or directory
    3 | #include <sys/event.h>
      |          ^~~~~~~~~~~~~
compilation terminated.
checked program was:
/* begin */
1: #include "ruby.h"
2: 
3: #include <sys/event.h>
/* end */

--------------------

have_type: checking for port_event_t in port.h... -------------------- no

"gcc -I/home/satendrakumar/.asdf/installs/ruby/2.4.2/include/ruby-2.4.0/x86_64-linux -I/home/satendrakumar/.asdf/installs/ruby/2.4.2/include/ruby-2.4.0/ruby/backward -I/home/satendrakumar/.asdf/installs/ruby/2.4.2/include/ruby-2.4.0 -I. -I/home/satendrakumar/.asdf/installs/ruby/2.4.2/include    -O3 -fno-fast-math -ggdb3 -Wall -Wextra -Wno-unused-parameter -Wno-parentheses -Wno-long-long -Wno-missing-field-initializers -Wno-tautological-compare -Wno-parentheses-equality -Wno-constant-logical-operand -Wno-self-assign -Wunused-variable -Wimplicit-int -Wpointer-arith -Wwrite-strings -Wdeclaration-after-statement -Wimplicit-function-declaration -Wdeprecated-declarations -Wno-packed-bitfield-compat -Wsuggest-attribute=noreturn -Wsuggest-attribute=format -Wimplicit-fallthrough=0  -fPIC   -c conftest.c"
In file included from /home/satendrakumar/.asdf/installs/ruby/2.4.2/include/ruby-2.4.0/ruby.h:33,
                 from conftest.c:1:
/home/satendrakumar/.asdf/installs/ruby/2.4.2/include/ruby-2.4.0/ruby/ruby.h:631:1: warning: ‘const’ attribute on function returning ‘void’ [-Wattributes]
  631 | CONSTFUNC(void rb_secure_update(VALUE));
      | ^~~~~~~~~
In file included from /home/satendrakumar/.asdf/installs/ruby/2.4.2/include/ruby-2.4.0/ruby/ruby.h:2008,
                 from /home/satendrakumar/.asdf/installs/ruby/2.4.2/include/ruby-2.4.0/ruby.h:33,
                 from conftest.c:1:
/home/satendrakumar/.asdf/installs/ruby/2.4.2/include/ruby-2.4.0/ruby/intern.h:257:1: warning: ‘const’ attribute on function returning ‘void’ [-Wattributes]
  257 | CONSTFUNC(void rb_error_untrusted(VALUE));
      | ^~~~~~~~~
/home/satendrakumar/.asdf/installs/ruby/2.4.2/include/ruby-2.4.0/ruby/intern.h:259:1: warning: ‘const’ attribute on function returning ‘void’ [-Wattributes]
  259 | CONSTFUNC(void rb_check_trusted(VALUE));
      | ^~~~~~~~~
conftest.c:3:10: fatal error: port.h: No such file or directory
    3 | #include <port.h>
      |          ^~~~~~~~
compilation terminated.
checked program was:
/* begin */
1: #include "ruby.h"
2: 
3: #include <port.h>
4: 
5: /*top*/
6: typedef port_event_t conftest_type;
7: int conftestval[sizeof(conftest_type)?1:-1];
/* end */

--------------------

have_header: checking for sys/resource.h... -------------------- yes

"gcc -E -I/home/satendrakumar/.asdf/installs/ruby/2.4.2/include/ruby-2.4.0/x86_64-linux -I/home/satendrakumar/.asdf/installs/ruby/2.4.2/include/ruby-2.4.0/ruby/backward -I/home/satendrakumar/.asdf/installs/ruby/2.4.2/include/ruby-2.4.0 -I. -I/home/satendrakumar/.asdf/installs/ruby/2.4.2/include    -O3 -fno-fast-math -ggdb3 -Wall -Wextra -Wno-unused-parameter -Wno-parentheses -Wno-long-long -Wno-missing-field-initializers -Wno-tautological-compare -Wno-parentheses-equality -Wno-constant-logical-operand -Wno-self-assign -Wunused-variable -Wimplicit-int -Wpointer-arith -Wwrite-strings -Wdeclaration-after-statement -Wimplicit-function-declaration -Wdeprecated-declarations -Wno-packed-bitfield-compat -Wsuggest-attribute=noreturn -Wsuggest-attribute=format -Wimplicit-fallthrough=0  -fPIC  conftest.c -o conftest.i"
checked program was:
/* begin */
1: #include "ruby.h"
2: 
3: #include <sys/resource.h>
/* end */

--------------------

