have_header: checking for ruby/st.h... -------------------- yes

"gcc -o conftest -I/home/satendrakumar/.asdf/installs/ruby/2.4.2/include/ruby-2.4.0/x86_64-linux -I/home/satendrakumar/.asdf/installs/ruby/2.4.2/include/ruby-2.4.0/ruby/backward -I/home/satendrakumar/.asdf/installs/ruby/2.4.2/include/ruby-2.4.0 -I. -I/home/satendrakumar/.asdf/installs/ruby/2.4.2/include    -O3 -fno-fast-math -ggdb3 -Wall -Wextra -Wno-unused-parameter -Wno-parentheses -Wno-long-long -Wno-missing-field-initializers -Wno-tautological-compare -Wno-parentheses-equality -Wno-constant-logical-operand -Wno-self-assign -Wunused-variable -Wimplicit-int -Wpointer-arith -Wwrite-strings -Wdeclaration-after-statement -Wimplicit-function-declaration -Wdeprecated-declarations -Wno-packed-bitfield-compat -Wsuggest-attribute=noreturn -Wsuggest-attribute=format -Wimplicit-fallthrough=0  -fPIC conftest.c  -L. -L/home/satendrakumar/.asdf/installs/ruby/2.4.2/lib -Wl,-rpath,/home/satendrakumar/.asdf/installs/ruby/2.4.2/lib -L. -L/home/satendrakumar/.asdf/installs/ruby/2.4.2/lib  -fstack-protector -rdynamic -Wl,-export-dynamic     -Wl,-rpath,/home/satendrakumar/.asdf/installs/ruby/2.4.2/lib -L/home/satendrakumar/.asdf/installs/ruby/2.4.2/lib -lruby  -lpthread -lgmp -ldl -lcrypt -lm   -lc"
In file included from /home/satendrakumar/.asdf/installs/ruby/2.4.2/include/ruby-2.4.0/ruby.h:33,
                 from conftest.c:1:
/home/satendrakumar/.asdf/installs/ruby/2.4.2/include/ruby-2.4.0/ruby/ruby.h:631:1: warning: ‘const’ attribute on function returning ‘void’ [-Wattributes]
  631 | CONSTFUNC(void rb_secure_update(VALUE));
      | ^~~~~~~~~
In file included from /home/satendrakumar/.asdf/installs/ruby/2.4.2/include/ruby-2.4.0/ruby/ruby.h:2008,
                 from /home/satendrakumar/.asdf/installs/ruby/2.4.2/include/ruby-2.4.0/ruby.h:33,
                 from conftest.c:1:
/home/satendrakumar/.asdf/installs/ruby/2.4.2/include/ruby-2.4.0/ruby/intern.h:257:1: warning: ‘const’ attribute on function returning ‘void’ [-Wattributes]
  257 | CONSTFUNC(void rb_error_untrusted(VALUE));
      | ^~~~~~~~~
/home/satendrakumar/.asdf/installs/ruby/2.4.2/include/ruby-2.4.0/ruby/intern.h:259:1: warning: ‘const’ attribute on function returning ‘void’ [-Wattributes]
  259 | CONSTFUNC(void rb_check_trusted(VALUE));
      | ^~~~~~~~~
cc1: note: unrecognized command-line option ‘-Wno-self-assign’ may have been intended to silence earlier diagnostics
cc1: note: unrecognized command-line option ‘-Wno-constant-logical-operand’ may have been intended to silence earlier diagnostics
cc1: note: unrecognized command-line option ‘-Wno-parentheses-equality’ may have been intended to silence earlier diagnostics
checked program was:
/* begin */
1: #include "ruby.h"
2: 
3: int main(int argc, char **argv)
4: {
5:   return 0;
6: }
/* end */

"gcc -E -I/home/satendrakumar/.asdf/installs/ruby/2.4.2/include/ruby-2.4.0/x86_64-linux -I/home/satendrakumar/.asdf/installs/ruby/2.4.2/include/ruby-2.4.0/ruby/backward -I/home/satendrakumar/.asdf/installs/ruby/2.4.2/include/ruby-2.4.0 -I. -I/home/satendrakumar/.asdf/installs/ruby/2.4.2/include    -O3 -fno-fast-math -ggdb3 -Wall -Wextra -Wno-unused-parameter -Wno-parentheses -Wno-long-long -Wno-missing-field-initializers -Wno-tautological-compare -Wno-parentheses-equality -Wno-constant-logical-operand -Wno-self-assign -Wunused-variable -Wimplicit-int -Wpointer-arith -Wwrite-strings -Wdeclaration-after-statement -Wimplicit-function-declaration -Wdeprecated-declarations -Wno-packed-bitfield-compat -Wsuggest-attribute=noreturn -Wsuggest-attribute=format -Wimplicit-fallthrough=0  -fPIC  conftest.c -o conftest.i"
checked program was:
/* begin */
1: #include "ruby.h"
2: 
3: #include <ruby/st.h>
/* end */

--------------------

have_header: checking for st.h... -------------------- yes

"gcc -E -I/home/satendrakumar/.asdf/installs/ruby/2.4.2/include/ruby-2.4.0/x86_64-linux -I/home/satendrakumar/.asdf/installs/ruby/2.4.2/include/ruby-2.4.0/ruby/backward -I/home/satendrakumar/.asdf/installs/ruby/2.4.2/include/ruby-2.4.0 -I. -I/home/satendrakumar/.asdf/installs/ruby/2.4.2/include    -O3 -fno-fast-math -ggdb3 -Wall -Wextra -Wno-unused-parameter -Wno-parentheses -Wno-long-long -Wno-missing-field-initializers -Wno-tautological-compare -Wno-parentheses-equality -Wno-constant-logical-operand -Wno-self-assign -Wunused-variable -Wimplicit-int -Wpointer-arith -Wwrite-strings -Wdeclaration-after-statement -Wimplicit-function-declaration -Wdeprecated-declarations -Wno-packed-bitfield-compat -Wsuggest-attribute=noreturn -Wsuggest-attribute=format -Wimplicit-fallthrough=0  -fPIC  conftest.c -o conftest.i"
In file included from conftest.c:3:
/home/satendrakumar/.asdf/installs/ruby/2.4.2/include/ruby-2.4.0/ruby/backward/st.h:2:2: warning: #warning use "ruby/st.h" instead of bare "st.h" [-Wcpp]
    2 | #warning use "ruby/st.h" instead of bare "st.h"
      |  ^~~~~~~
cc1: note: unrecognized command-line option ‘-Wno-self-assign’ may have been intended to silence earlier diagnostics
cc1: note: unrecognized command-line option ‘-Wno-constant-logical-operand’ may have been intended to silence earlier diagnostics
cc1: note: unrecognized command-line option ‘-Wno-parentheses-equality’ may have been intended to silence earlier diagnostics
checked program was:
/* begin */
1: #include "ruby.h"
2: 
3: #include <st.h>
/* end */

--------------------

have_func: checking for rb_enc_interned_str() in ruby.h... -------------------- no

"gcc -o conftest -I/home/satendrakumar/.asdf/installs/ruby/2.4.2/include/ruby-2.4.0/x86_64-linux -I/home/satendrakumar/.asdf/installs/ruby/2.4.2/include/ruby-2.4.0/ruby/backward -I/home/satendrakumar/.asdf/installs/ruby/2.4.2/include/ruby-2.4.0 -I. -I/home/satendrakumar/.asdf/installs/ruby/2.4.2/include    -O3 -fno-fast-math -ggdb3 -Wall -Wextra -Wno-unused-parameter -Wno-parentheses -Wno-long-long -Wno-missing-field-initializers -Wno-tautological-compare -Wno-parentheses-equality -Wno-constant-logical-operand -Wno-self-assign -Wunused-variable -Wimplicit-int -Wpointer-arith -Wwrite-strings -Wdeclaration-after-statement -Wimplicit-function-declaration -Wdeprecated-declarations -Wno-packed-bitfield-compat -Wsuggest-attribute=noreturn -Wsuggest-attribute=format -Wimplicit-fallthrough=0  -fPIC conftest.c  -L. -L/home/satendrakumar/.asdf/installs/ruby/2.4.2/lib -Wl,-rpath,/home/satendrakumar/.asdf/installs/ruby/2.4.2/lib -L. -L/home/satendrakumar/.asdf/installs/ruby/2.4.2/lib  -fstack-protector -rdynamic -Wl,-export-dynamic     -Wl,-rpath,/home/satendrakumar/.asdf/installs/ruby/2.4.2/lib -L/home/satendrakumar/.asdf/installs/ruby/2.4.2/lib -lruby  -lpthread -lgmp -ldl -lcrypt -lm   -lc"
In file included from /home/satendrakumar/.asdf/installs/ruby/2.4.2/include/ruby-2.4.0/ruby.h:33,
                 from conftest.c:1:
/home/satendrakumar/.asdf/installs/ruby/2.4.2/include/ruby-2.4.0/ruby/ruby.h:631:1: warning: ‘const’ attribute on function returning ‘void’ [-Wattributes]
  631 | CONSTFUNC(void rb_secure_update(VALUE));
      | ^~~~~~~~~
In file included from /home/satendrakumar/.asdf/installs/ruby/2.4.2/include/ruby-2.4.0/ruby/ruby.h:2008,
                 from /home/satendrakumar/.asdf/installs/ruby/2.4.2/include/ruby-2.4.0/ruby.h:33,
                 from conftest.c:1:
/home/satendrakumar/.asdf/installs/ruby/2.4.2/include/ruby-2.4.0/ruby/intern.h:257:1: warning: ‘const’ attribute on function returning ‘void’ [-Wattributes]
  257 | CONSTFUNC(void rb_error_untrusted(VALUE));
      | ^~~~~~~~~
/home/satendrakumar/.asdf/installs/ruby/2.4.2/include/ruby-2.4.0/ruby/intern.h:259:1: warning: ‘const’ attribute on function returning ‘void’ [-Wattributes]
  259 | CONSTFUNC(void rb_check_trusted(VALUE));
      | ^~~~~~~~~
conftest.c: In function ‘t’:
conftest.c:15:57: error: ‘rb_enc_interned_str’ undeclared (first use in this function); did you mean ‘rb_sym_interned_p’?
   15 | int t(void) { void ((*volatile p)()); p = (void ((*)()))rb_enc_interned_str; return !p; }
      |                                                         ^~~~~~~~~~~~~~~~~~~
      |                                                         rb_sym_interned_p
conftest.c:15:57: note: each undeclared identifier is reported only once for each function it appears in
conftest.c: At top level:
cc1: note: unrecognized command-line option ‘-Wno-self-assign’ may have been intended to silence earlier diagnostics
cc1: note: unrecognized command-line option ‘-Wno-constant-logical-operand’ may have been intended to silence earlier diagnostics
cc1: note: unrecognized command-line option ‘-Wno-parentheses-equality’ may have been intended to silence earlier diagnostics
checked program was:
/* begin */
 1: #include "ruby.h"
 2: 
 3: #include <ruby.h>
 4: 
 5: /*top*/
 6: extern int t(void);
 7: int main(int argc, char **argv)
 8: {
 9:   if (argc > 1000000) {
10:     printf("%p", &t);
11:   }
12: 
13:   return 0;
14: }
15: int t(void) { void ((*volatile p)()); p = (void ((*)()))rb_enc_interned_str; return !p; }
/* end */

"gcc -o conftest -I/home/satendrakumar/.asdf/installs/ruby/2.4.2/include/ruby-2.4.0/x86_64-linux -I/home/satendrakumar/.asdf/installs/ruby/2.4.2/include/ruby-2.4.0/ruby/backward -I/home/satendrakumar/.asdf/installs/ruby/2.4.2/include/ruby-2.4.0 -I. -I/home/satendrakumar/.asdf/installs/ruby/2.4.2/include    -O3 -fno-fast-math -ggdb3 -Wall -Wextra -Wno-unused-parameter -Wno-parentheses -Wno-long-long -Wno-missing-field-initializers -Wno-tautological-compare -Wno-parentheses-equality -Wno-constant-logical-operand -Wno-self-assign -Wunused-variable -Wimplicit-int -Wpointer-arith -Wwrite-strings -Wdeclaration-after-statement -Wimplicit-function-declaration -Wdeprecated-declarations -Wno-packed-bitfield-compat -Wsuggest-attribute=noreturn -Wsuggest-attribute=format -Wimplicit-fallthrough=0  -fPIC conftest.c  -L. -L/home/satendrakumar/.asdf/installs/ruby/2.4.2/lib -Wl,-rpath,/home/satendrakumar/.asdf/installs/ruby/2.4.2/lib -L. -L/home/satendrakumar/.asdf/installs/ruby/2.4.2/lib  -fstack-protector -rdynamic -Wl,-export-dynamic     -Wl,-rpath,/home/satendrakumar/.asdf/installs/ruby/2.4.2/lib -L/home/satendrakumar/.asdf/installs/ruby/2.4.2/lib -lruby  -lpthread -lgmp -ldl -lcrypt -lm   -lc"
In file included from /home/satendrakumar/.asdf/installs/ruby/2.4.2/include/ruby-2.4.0/ruby.h:33,
                 from conftest.c:1:
/home/satendrakumar/.asdf/installs/ruby/2.4.2/include/ruby-2.4.0/ruby/ruby.h:631:1: warning: ‘const’ attribute on function returning ‘void’ [-Wattributes]
  631 | CONSTFUNC(void rb_secure_update(VALUE));
      | ^~~~~~~~~
In file included from /home/satendrakumar/.asdf/installs/ruby/2.4.2/include/ruby-2.4.0/ruby/ruby.h:2008,
                 from /home/satendrakumar/.asdf/installs/ruby/2.4.2/include/ruby-2.4.0/ruby.h:33,
                 from conftest.c:1:
/home/satendrakumar/.asdf/installs/ruby/2.4.2/include/ruby-2.4.0/ruby/intern.h:257:1: warning: ‘const’ attribute on function returning ‘void’ [-Wattributes]
  257 | CONSTFUNC(void rb_error_untrusted(VALUE));
      | ^~~~~~~~~
/home/satendrakumar/.asdf/installs/ruby/2.4.2/include/ruby-2.4.0/ruby/intern.h:259:1: warning: ‘const’ attribute on function returning ‘void’ [-Wattributes]
  259 | CONSTFUNC(void rb_check_trusted(VALUE));
      | ^~~~~~~~~
cc1: note: unrecognized command-line option ‘-Wno-self-assign’ may have been intended to silence earlier diagnostics
cc1: note: unrecognized command-line option ‘-Wno-constant-logical-operand’ may have been intended to silence earlier diagnostics
cc1: note: unrecognized command-line option ‘-Wno-parentheses-equality’ may have been intended to silence earlier diagnostics
/usr/bin/ld: /tmp/ccVGQE3w.o: in function `t':
/home/satendrakumar/cj22/vendor/bundle/ruby/2.4.0/gems/msgpack-1.6.1/ext/msgpack/conftest.c:16: undefined reference to `rb_enc_interned_str'
collect2: error: ld returned 1 exit status
checked program was:
/* begin */
 1: #include "ruby.h"
 2: 
 3: #include <ruby.h>
 4: 
 5: /*top*/
 6: extern int t(void);
 7: int main(int argc, char **argv)
 8: {
 9:   if (argc > 1000000) {
10:     printf("%p", &t);
11:   }
12: 
13:   return 0;
14: }
15: extern void rb_enc_interned_str();
16: int t(void) { rb_enc_interned_str(); return 0; }
/* end */

--------------------

have_func: checking for rb_hash_new_capa() in ruby.h... -------------------- no

"gcc -o conftest -I/home/satendrakumar/.asdf/installs/ruby/2.4.2/include/ruby-2.4.0/x86_64-linux -I/home/satendrakumar/.asdf/installs/ruby/2.4.2/include/ruby-2.4.0/ruby/backward -I/home/satendrakumar/.asdf/installs/ruby/2.4.2/include/ruby-2.4.0 -I. -I/home/satendrakumar/.asdf/installs/ruby/2.4.2/include    -O3 -fno-fast-math -ggdb3 -Wall -Wextra -Wno-unused-parameter -Wno-parentheses -Wno-long-long -Wno-missing-field-initializers -Wno-tautological-compare -Wno-parentheses-equality -Wno-constant-logical-operand -Wno-self-assign -Wunused-variable -Wimplicit-int -Wpointer-arith -Wwrite-strings -Wdeclaration-after-statement -Wimplicit-function-declaration -Wdeprecated-declarations -Wno-packed-bitfield-compat -Wsuggest-attribute=noreturn -Wsuggest-attribute=format -Wimplicit-fallthrough=0  -fPIC conftest.c  -L. -L/home/satendrakumar/.asdf/installs/ruby/2.4.2/lib -Wl,-rpath,/home/satendrakumar/.asdf/installs/ruby/2.4.2/lib -L. -L/home/satendrakumar/.asdf/installs/ruby/2.4.2/lib  -fstack-protector -rdynamic -Wl,-export-dynamic     -Wl,-rpath,/home/satendrakumar/.asdf/installs/ruby/2.4.2/lib -L/home/satendrakumar/.asdf/installs/ruby/2.4.2/lib -lruby  -lpthread -lgmp -ldl -lcrypt -lm   -lc"
In file included from /home/satendrakumar/.asdf/installs/ruby/2.4.2/include/ruby-2.4.0/ruby.h:33,
                 from conftest.c:1:
/home/satendrakumar/.asdf/installs/ruby/2.4.2/include/ruby-2.4.0/ruby/ruby.h:631:1: warning: ‘const’ attribute on function returning ‘void’ [-Wattributes]
  631 | CONSTFUNC(void rb_secure_update(VALUE));
      | ^~~~~~~~~
In file included from /home/satendrakumar/.asdf/installs/ruby/2.4.2/include/ruby-2.4.0/ruby/ruby.h:2008,
                 from /home/satendrakumar/.asdf/installs/ruby/2.4.2/include/ruby-2.4.0/ruby.h:33,
                 from conftest.c:1:
/home/satendrakumar/.asdf/installs/ruby/2.4.2/include/ruby-2.4.0/ruby/intern.h:257:1: warning: ‘const’ attribute on function returning ‘void’ [-Wattributes]
  257 | CONSTFUNC(void rb_error_untrusted(VALUE));
      | ^~~~~~~~~
/home/satendrakumar/.asdf/installs/ruby/2.4.2/include/ruby-2.4.0/ruby/intern.h:259:1: warning: ‘const’ attribute on function returning ‘void’ [-Wattributes]
  259 | CONSTFUNC(void rb_check_trusted(VALUE));
      | ^~~~~~~~~
conftest.c: In function ‘t’:
conftest.c:15:57: error: ‘rb_hash_new_capa’ undeclared (first use in this function); did you mean ‘rb_ary_new_capa’?
   15 | int t(void) { void ((*volatile p)()); p = (void ((*)()))rb_hash_new_capa; return !p; }
      |                                                         ^~~~~~~~~~~~~~~~
      |                                                         rb_ary_new_capa
conftest.c:15:57: note: each undeclared identifier is reported only once for each function it appears in
conftest.c: At top level:
cc1: note: unrecognized command-line option ‘-Wno-self-assign’ may have been intended to silence earlier diagnostics
cc1: note: unrecognized command-line option ‘-Wno-constant-logical-operand’ may have been intended to silence earlier diagnostics
cc1: note: unrecognized command-line option ‘-Wno-parentheses-equality’ may have been intended to silence earlier diagnostics
checked program was:
/* begin */
 1: #include "ruby.h"
 2: 
 3: #include <ruby.h>
 4: 
 5: /*top*/
 6: extern int t(void);
 7: int main(int argc, char **argv)
 8: {
 9:   if (argc > 1000000) {
10:     printf("%p", &t);
11:   }
12: 
13:   return 0;
14: }
15: int t(void) { void ((*volatile p)()); p = (void ((*)()))rb_hash_new_capa; return !p; }
/* end */

"gcc -o conftest -I/home/satendrakumar/.asdf/installs/ruby/2.4.2/include/ruby-2.4.0/x86_64-linux -I/home/satendrakumar/.asdf/installs/ruby/2.4.2/include/ruby-2.4.0/ruby/backward -I/home/satendrakumar/.asdf/installs/ruby/2.4.2/include/ruby-2.4.0 -I. -I/home/satendrakumar/.asdf/installs/ruby/2.4.2/include    -O3 -fno-fast-math -ggdb3 -Wall -Wextra -Wno-unused-parameter -Wno-parentheses -Wno-long-long -Wno-missing-field-initializers -Wno-tautological-compare -Wno-parentheses-equality -Wno-constant-logical-operand -Wno-self-assign -Wunused-variable -Wimplicit-int -Wpointer-arith -Wwrite-strings -Wdeclaration-after-statement -Wimplicit-function-declaration -Wdeprecated-declarations -Wno-packed-bitfield-compat -Wsuggest-attribute=noreturn -Wsuggest-attribute=format -Wimplicit-fallthrough=0  -fPIC conftest.c  -L. -L/home/satendrakumar/.asdf/installs/ruby/2.4.2/lib -Wl,-rpath,/home/satendrakumar/.asdf/installs/ruby/2.4.2/lib -L. -L/home/satendrakumar/.asdf/installs/ruby/2.4.2/lib  -fstack-protector -rdynamic -Wl,-export-dynamic     -Wl,-rpath,/home/satendrakumar/.asdf/installs/ruby/2.4.2/lib -L/home/satendrakumar/.asdf/installs/ruby/2.4.2/lib -lruby  -lpthread -lgmp -ldl -lcrypt -lm   -lc"
In file included from /home/satendrakumar/.asdf/installs/ruby/2.4.2/include/ruby-2.4.0/ruby.h:33,
                 from conftest.c:1:
/home/satendrakumar/.asdf/installs/ruby/2.4.2/include/ruby-2.4.0/ruby/ruby.h:631:1: warning: ‘const’ attribute on function returning ‘void’ [-Wattributes]
  631 | CONSTFUNC(void rb_secure_update(VALUE));
      | ^~~~~~~~~
In file included from /home/satendrakumar/.asdf/installs/ruby/2.4.2/include/ruby-2.4.0/ruby/ruby.h:2008,
                 from /home/satendrakumar/.asdf/installs/ruby/2.4.2/include/ruby-2.4.0/ruby.h:33,
                 from conftest.c:1:
/home/satendrakumar/.asdf/installs/ruby/2.4.2/include/ruby-2.4.0/ruby/intern.h:257:1: warning: ‘const’ attribute on function returning ‘void’ [-Wattributes]
  257 | CONSTFUNC(void rb_error_untrusted(VALUE));
      | ^~~~~~~~~
/home/satendrakumar/.asdf/installs/ruby/2.4.2/include/ruby-2.4.0/ruby/intern.h:259:1: warning: ‘const’ attribute on function returning ‘void’ [-Wattributes]
  259 | CONSTFUNC(void rb_check_trusted(VALUE));
      | ^~~~~~~~~
cc1: note: unrecognized command-line option ‘-Wno-self-assign’ may have been intended to silence earlier diagnostics
cc1: note: unrecognized command-line option ‘-Wno-constant-logical-operand’ may have been intended to silence earlier diagnostics
cc1: note: unrecognized command-line option ‘-Wno-parentheses-equality’ may have been intended to silence earlier diagnostics
/usr/bin/ld: /tmp/ccuR1Xje.o: in function `t':
/home/satendrakumar/cj22/vendor/bundle/ruby/2.4.0/gems/msgpack-1.6.1/ext/msgpack/conftest.c:16: undefined reference to `rb_hash_new_capa'
collect2: error: ld returned 1 exit status
checked program was:
/* begin */
 1: #include "ruby.h"
 2: 
 3: #include <ruby.h>
 4: 
 5: /*top*/
 6: extern int t(void);
 7: int main(int argc, char **argv)
 8: {
 9:   if (argc > 1000000) {
10:     printf("%p", &t);
11:   }
12: 
13:   return 0;
14: }
15: extern void rb_hash_new_capa();
16: int t(void) { rb_hash_new_capa(); return 0; }
/* end */

--------------------

